<?xml version="1.0" encoding="UTF-8"?>
<!-- Generated by org.testng.reporters.JUnitReportReporter -->
<testsuite hostname="DESKTOP-4PLU86I" failures="0" tests="2" name="Academy.HomePage" time="6.153" errors="0" timestamp="29 May 2021 16:51:53 GMT">
  <testcase classname="Academy.HomePage" name="basePageNavigation" time="3.801"/>
  <testcase classname="Academy.HomePage" name="basePageNavigation" time="2.352"/>
</testsuite> <!-- Academy.HomePage -->
