<?xml version="1.0" encoding="UTF-8"?>
<!-- Generated by org.testng.reporters.JUnitReportReporter -->
<testsuite hostname="DESKTOP-4PLU86I" failures="0" tests="2" name="Academy.HomePage" time="8.976" errors="0" timestamp="29 May 2021 16:06:34 GMT">
  <testcase classname="Academy.HomePage" name="basePageNavigation" time="2.586"/>
  <testcase classname="Academy.HomePage" name="basePageNavigation" time="6.390"/>
</testsuite> <!-- Academy.HomePage -->
